<?xml version="1.0" encoding="UTF-8"?>
<!-- Generated by org.testng.reporters.JUnitReportReporter -->
<testsuite hostname="LAPTOP-O4QKVNT6" name="com.qa.tests.DemoTest" tests="4" failures="0" timestamp="25 Apr 2020 15:58:16 GMT" time="0.001" errors="0">
  <testcase name="div" time="0.000" classname="com.qa.tests.DemoTest"/>
  <testcase name="sub" time="0.000" classname="com.qa.tests.DemoTest"/>
  <testcase name="sum" time="0.001" classname="com.qa.tests.DemoTest"/>
  <testcase name="mul" time="0.000" classname="com.qa.tests.DemoTest"/>
</testsuite> <!-- com.qa.tests.DemoTest -->
